# JRE version: Java(TM) SE Runtime Environment (18.0.1+10) (build 18.0.1+10-24)
# Java VM: Java HotSpot(TM) 64-Bit Server VM (18.0.1+10-24, mixed mode, sharing, tiered, compressed oops, compressed class ptrs, g1 gc, windows-amd64)
GC Precious Log:
 CardTable entry size: 512
 Card Set container configuration: InlinePtr #cards 5 size 8 Array Of Cards #cards 12 size 40 Howl #buckets 4 coarsen threshold 1843 Howl Bitmap #cards 512 size 80 coarsen threshold 460 Card regions per heap region 1 cards per card region 2048
 CPUs: 4 total, 4 available
 Memory: 8051M
 Large Page Support: Disabled
 NUMA Support: Disabled
 Compressed Oops: Enabled (32-bit)
 Heap Region Size: 1M
 Heap Min Capacity: 8M
 Heap Initial Capacity: 126M
 Heap Max Capacity: 2014M
 Pre-touch: Disabled
 Parallel Workers: 4
 Concurrent Workers: 1
 Concurrent Refinement Workers: 4
 Periodic GC: Disabled
Heap:
 garbage-first heap   total 129024K, used 43925K [0x0000000082200000, 0x0000000100000000)
  region size 1024K, 42 young (43008K), 3 survivors (3072K)
 Metaspace       used 13466K, committed 13760K, reserved 1114112K
  class space    used 1503K, committed 1664K, reserved 1048576K
GC Heap History (6 events):
Event: 2.828 GC heap before
{Heap before GC invocations=0 (full 0):
 garbage-first heap   total 129024K, used 13312K [0x0000000082200000, 0x0000000100000000)
  region size 1024K, 13 young (13312K), 0 survivors (0K)
 Metaspace       used 3791K, committed 3904K, reserved 1114112K
  class space    used 368K, committed 448K, reserved 1048576K
}
Event: 2.878 GC heap after
{Heap after GC invocations=1 (full 0):
 garbage-first heap   total 129024K, used 3739K [0x0000000082200000, 0x0000000100000000)
  region size 1024K, 2 young (2048K), 2 survivors (2048K)
 Metaspace       used 3791K, committed 3904K, reserved 1114112K
  class space    used 368K, committed 448K, reserved 1048576K
}
Event: 3.514 GC heap before
{Heap before GC invocations=1 (full 0):
 garbage-first heap   total 129024K, used 13979K [0x0000000082200000, 0x0000000100000000)
  region size 1024K, 12 young (12288K), 2 survivors (2048K)
 Metaspace       used 5423K, committed 5632K, reserved 1114112K
  class space    used 606K, committed 704K, reserved 1048576K
}
Event: 3.520 GC heap after
{Heap after GC invocations=2 (full 0):
 garbage-first heap   total 129024K, used 4555K [0x0000000082200000, 0x0000000100000000)
  region size 1024K, 1 young (1024K), 1 survivors (1024K)
 Metaspace       used 5423K, committed 5632K, reserved 1114112K
  class space    used 606K, committed 704K, reserved 1048576K
}
Event: 4.887 GC heap before
{Heap before GC invocations=2 (full 0):
 garbage-first heap   total 129024K, used 31179K [0x0000000082200000, 0x0000000100000000)
  region size 1024K, 28 young (28672K), 1 survivors (1024K)
 Metaspace       used 9752K, committed 9920K, reserved 1114112K
  class space    used 1147K, committed 1216K, reserved 1048576K
}
Event: 4.892 GC heap after
{Heap after GC invocations=3 (full 0):
 garbage-first heap   total 129024K, used 6037K [0x0000000082200000, 0x0000000100000000)
  region size 1024K, 3 young (3072K), 3 survivors (3072K)
 Metaspace       used 9752K, committed 9920K, reserved 1114112K
  class space    used 1147K, committed 1216K, reserved 1048576K
}

